  function.c
C:\Users\USER-1\source\repos\ProjetCPokemon\ProjetCPokemon\function.c(136,16): warning C4047: 'fonction' : les niveaux d'indirection de 'Player *' et de 'Player **' sont différents
C:\Users\USER-1\source\repos\ProjetCPokemon\ProjetCPokemon\function.c(136,16): warning C4024: 'PokemonChoose' : types différents pour le paramètre formel et réel 1
C:\Users\USER-1\source\repos\ProjetCPokemon\ProjetCPokemon\function.c(137,21): warning C4047: 'fonction' : les niveaux d'indirection de 'Player *' et de 'Player **' sont différents
C:\Users\USER-1\source\repos\ProjetCPokemon\ProjetCPokemon\function.c(137,21): warning C4024: 'RandomActionChoose' : types différents pour le paramètre formel et réel 1
C:\Users\USER-1\source\repos\ProjetCPokemon\ProjetCPokemon\function.c(138,20): warning C4047: 'fonction' : les niveaux d'indirection de 'Player *' et de 'Player **' sont différents
C:\Users\USER-1\source\repos\ProjetCPokemon\ProjetCPokemon\function.c(138,20): warning C4024: 'PokemonChooseOrdi' : types différents pour le paramètre formel et réel 1
C:\Users\USER-1\source\repos\ProjetCPokemon\ProjetCPokemon\function.c(138,30): warning C4020: 'PokemonChooseOrdi' : paramètres réels trop nombreux
C:\Users\USER-1\source\repos\ProjetCPokemon\ProjetCPokemon\function.c(140,29): warning C4047: 'fonction' : les niveaux d'indirection de 'Player *' et de 'Player **' sont différents
C:\Users\USER-1\source\repos\ProjetCPokemon\ProjetCPokemon\function.c(140,29): warning C4024: 'ActionChoose' : types différents pour le paramètre formel et réel 1
C:\Users\USER-1\source\repos\ProjetCPokemon\ProjetCPokemon\function.c(141,18): warning C4047: 'fonction' : les niveaux d'indirection de 'Player *' et de 'Player **' sont différents
C:\Users\USER-1\source\repos\ProjetCPokemon\ProjetCPokemon\function.c(141,18): warning C4024: 'ActionOnPokemon' : types différents pour le paramètre formel et réel 1
C:\Users\USER-1\source\repos\ProjetCPokemon\ProjetCPokemon\function.c(141,28): warning C4047: 'fonction' : les niveaux d'indirection de 'Player *' et de 'Player **' sont différents
C:\Users\USER-1\source\repos\ProjetCPokemon\ProjetCPokemon\function.c(141,28): warning C4024: 'ActionOnPokemon' : types différents pour le paramètre formel et réel 2
C:\Users\USER-1\source\repos\ProjetCPokemon\ProjetCPokemon\function.c(141,38): warning C4047: 'fonction' : les niveaux d'indirection de 'char *' et de 'char' sont différents
C:\Users\USER-1\source\repos\ProjetCPokemon\ProjetCPokemon\function.c(141,38): warning C4024: 'ActionOnPokemon' : types différents pour le paramètre formel et réel 3
C:\Users\USER-1\source\repos\ProjetCPokemon\ProjetCPokemon\function.c(142,15): warning C4047: 'fonction' : les niveaux d'indirection de 'Player *' et de 'Player **' sont différents
C:\Users\USER-1\source\repos\ProjetCPokemon\ProjetCPokemon\function.c(142,15): warning C4024: 'CheckIfIsDie' : types différents pour le paramètre formel et réel 1
C:\Users\USER-1\source\repos\ProjetCPokemon\ProjetCPokemon\function.c(257,12): warning C4477: 'printf_s' : la chaîne de format '%d' nécessite un argument de type 'int', mais l'argument variadique 1 est de type 'int *'
C:\Users\USER-1\source\repos\ProjetCPokemon\ProjetCPokemon\function.c(257,12): warning C4313: 'printf_s' : '%d' dans la chaîne de format est en conflit avec l'argument 1 de type 'int *'.
C:\Users\USER-1\source\repos\ProjetCPokemon\ProjetCPokemon\function.c(292,53): warning C4047: 'fonction' : les niveaux d'indirection de 'int *' et de 'int' sont différents
C:\Users\USER-1\source\repos\ProjetCPokemon\ProjetCPokemon\function.c(292,53): warning C4024: 'SimpleAttack' : types différents pour le paramètre formel et réel 4
C:\Users\USER-1\source\repos\ProjetCPokemon\ProjetCPokemon\function.c(298,55): warning C4047: 'fonction' : les niveaux d'indirection de 'int *' et de 'int' sont différents
C:\Users\USER-1\source\repos\ProjetCPokemon\ProjetCPokemon\function.c(298,55): warning C4024: 'SpecialAttack' : types différents pour le paramètre formel et réel 4
C:\Users\USER-1\source\repos\ProjetCPokemon\ProjetCPokemon\function.c(298,66): warning C4047: 'fonction' : les niveaux d'indirection de 'Player *' et de 'int' sont différents
C:\Users\USER-1\source\repos\ProjetCPokemon\ProjetCPokemon\function.c(298,66): warning C4024: 'SpecialAttack' : types différents pour le paramètre formel et réel 5
C:\Users\USER-1\source\repos\ProjetCPokemon\ProjetCPokemon\function.c(298,87): warning C4047: 'fonction' : les niveaux d'indirection de 'int *' et de 'int' sont différents
C:\Users\USER-1\source\repos\ProjetCPokemon\ProjetCPokemon\function.c(298,87): warning C4024: 'SpecialAttack' : types différents pour le paramètre formel et réel 7
C:\Users\USER-1\source\repos\ProjetCPokemon\ProjetCPokemon\function.c(331,2): warning C4047: 'return' : les niveaux d'indirection de 'char' et de 'const char *' sont différents
C:\Users\USER-1\source\repos\ProjetCPokemon\ProjetCPokemon\function.c(375,2): warning C4047: 'return' : les niveaux d'indirection de 'char' et de 'char [100]' sont différents
C:\Users\USER-1\source\repos\ProjetCPokemon\ProjetCPokemon\function.c(447,8): warning C4244: 'fonction' : conversion de 'time_t' en 'unsigned int', perte possible de données
C:\Users\USER-1\source\repos\ProjetCPokemon\ProjetCPokemon\function.c(473,8): warning C4244: 'fonction' : conversion de 'time_t' en 'unsigned int', perte possible de données
C:\Users\USER-1\source\repos\ProjetCPokemon\ProjetCPokemon\function.c(537,60): warning C4305: 'initialisation' : troncation de 'int' à 'char'
C:\Users\USER-1\source\repos\ProjetCPokemon\ProjetCPokemon\function.c(375): warning C4172: retourne l'adresse d'une variable locale ou : choiceAction temporaire
  ProjetCPokemon.vcxproj -> C:\Users\USER-1\source\repos\ProjetCPokemon\x64\Debug\ProjetCPokemon.exe
